<?xml version="1.0" encoding="UTF-8"?>
<!-- Generated by org.testng.reporters.JUnitReportReporter -->
<testsuite hostname="admin-PC" failures="0" tests="3" name="com.Runner.in.MyRunner" time="64.070" errors="1" timestamp="2024-07-22T19:49:37 IST" skipped="0">
  <testcase classname="com.Runner.in.MyRunner" name="runScenario" time="26.841">
    <error message="/ by zero" type="java.lang.ArithmeticException">
      <![CDATA[java.lang.ArithmeticException: / by zero
at com.stepDefinition.in.SearchDef.user_enters_valid_product_into_search_box_field(SearchDef.java:32)
at âœ½.User enters valid product "HP" into Search box field(file:///D:/workspace/NewCucumberProject/CucumberHyd/./src/test/resources/feature/NewSearch.feature:5)
]]>
    </error>
  </testcase> <!-- runScenario -->
  <testcase classname="com.Runner.in.MyRunner" name="runScenario" time="18.324"/>
  <testcase classname="com.Runner.in.MyRunner" name="runScenario" time="18.905"/>
</testsuite> <!-- com.Runner.in.MyRunner -->
