<?xml version="1.0" encoding="UTF-8"?>
<!-- Generated by org.testng.reporters.JUnitXMLReporter -->
<testsuite ignored="0" hostname="admin-PC" failures="1" tests="3" name="Default test" time="72.299" errors="0" timestamp="2024-07-22T19:49:35 IST">
  <testcase classname="io.cucumber.testng.AbstractTestNGCucumberTests" name="runScenario" time="26.841">
    <failure type="java.lang.ArithmeticException" message="/ by zero">
      <![CDATA[java.lang.ArithmeticException: / by zero
at com.stepDefinition.in.SearchDef.user_enters_valid_product_into_search_box_field(SearchDef.java:32)
at âœ½.User enters valid product "HP" into Search box field(file:///D:/workspace/NewCucumberProject/CucumberHyd/./src/test/resources/feature/NewSearch.feature:5)
]]>
    </failure>
  </testcase> <!-- runScenario -->
  <testcase classname="io.cucumber.testng.AbstractTestNGCucumberTests" name="runScenario" time="18.324"/>
  <testcase classname="io.cucumber.testng.AbstractTestNGCucumberTests" name="runScenario" time="18.905"/>
</testsuite> <!-- Default test -->
